===================================================================================
SLURM Job ID:            10917691
Submit time:             Thu Feb 15 15:19:22 GMT 2024 (Unix Epoch time: 1708010362)
Start time:              Thu Feb 15 15:23:43 GMT 2024 (Unix Epoch time: 1708010623)
No. nodes:               1
No. tasks:               20
Job name:                crest
Account:                 tuttle-rmss
QoS:                     normal
Partition (queue):       standard
Submit directory:        /users/bwb16179/Documents/DeepSolv/crest_avo_duplicate_check
Script name:             /users/bwb16179/Documents/DeepSolv/crest_avo_duplicate_check/NN_training.sh
Master node:             node021
Nodes used:              node021
Task distribution:       
===================================================================================

 
       ==============================================
       |                                            |
       |                 C R E S T                  |
       |                                            |
       |  Conformer-Rotamer Ensemble Sampling Tool  |
       |          based on the GFN methods          |
       |             P.Pracht, S.Grimme             |
       |          Universitaet Bonn, MCTC           |
       ==============================================
       Version 2.12,   Thu 19. Mai 16:32:32 CEST 2022
  Using the xTB program. Compatible with xTB version 6.4.0
 
   Cite work conducted with this code as

   • P.Pracht, F.Bohle, S.Grimme, PCCP, 2020, 22, 7169-7192.
   • S.Grimme, JCTC, 2019, 15, 2847-2862.

   and for works involving QCG as

   • S.Spicher, C.Plett, P.Pracht, A.Hansen, S.Grimme,
     JCTC, 2022, 18 (5), 3174-3189.
 
   with help from:
   C.Bannwarth, F.Bohle, S.Ehlert, S.Grimme,
   C.Plett, P.Pracht, S.Spicher
 
   This program is distributed in the hope that it will be useful,
   but WITHOUT ANY WARRANTY; without even the implied warranty of
   MERCHANTABILITY or FITNESS FOR A PARTICULAR PURPOSE.

 Command line input:
 > crest 8_deprot.xyz --gfn2 -T 4

  -gfn2 : Use of GFN2-xTB requested.
  -T 4 (CPUs/Threads selected)
 
 -------------------------
 xTB Geometry Optimization
 -------------------------
 Geometry successfully optimized.
 
------------------------------------------------
Generating MTD length from a flexibility measure
------------------------------------------------
 Calculating WBOs... done.
 Calculating NCI flexibility... done.
     covalent flexibility measure :   0.035
 non-covalent flexibility measure :   0.719
 flexibility measure :   0.084
 t(MTD) / ps    :     5.0
 Σ(t(MTD)) / ps :    70.0 (14 MTDs)
 
-------------------------------------
Starting a trial MTD to test settings
-------------------------------------
 Estimated runtime for one MTD (5.0 ps) on a single thread: 1 min 37 sec
 Estimated runtime for a batch of 14 MTDs on 4 threads: 6 min 26 sec
 
 list of Vbias parameters applied:
$metadyn    0.00300   1.300
$metadyn    0.00150   1.300
$metadyn    0.00075   1.300
$metadyn    0.00300   0.780
$metadyn    0.00150   0.780
$metadyn    0.00075   0.780
$metadyn    0.00300   0.468
$metadyn    0.00150   0.468
$metadyn    0.00075   0.468
$metadyn    0.00300   0.281
$metadyn    0.00150   0.281
$metadyn    0.00075   0.281
$metadyn    0.00100   0.100
$metadyn    0.00500   0.800
 
*******************************************************************************************
**                        N E W    I T E R A T I O N    C Y C L E                        **
*******************************************************************************************
 
========================================
            MTD Iteration  1
========================================
 
     ========================================
     |         Meta-MD (MTD) Sampling       |
     ========================================
 
Starting Meta-MD   1 with the settings:
     MD time /ps        :     5.0
     dt /fs             :     5.0
     dumpstep(trj) /fs  :     100
     dumpstep(Vbias)/ps :     1.0
     Vbias factor k /Eh :  0.1230
     Vbias exp α /bohr⁻²:    1.30
Starting Meta-MD   2 with the settings:
     MD time /ps        :     5.0
     dt /fs             :     5.0
     dumpstep(trj) /fs  :     100
     dumpstep(Vbias)/ps :     1.0
     Vbias factor k /Eh :  0.0615
     Vbias exp α /bohr⁻²:    1.30
Starting Meta-MD   3 with the settings:
     MD time /ps        :     5.0
     dt /fs             :     5.0
     dumpstep(trj) /fs  :     100
     dumpstep(Vbias)/ps :     1.0
     Vbias factor k /Eh :  0.0308
     Vbias exp α /bohr⁻²:    1.30
Starting Meta-MD  14 with the settings:
     MD time /ps        :     5.0
     dt /fs             :     5.0
     dumpstep(trj) /fs  :     100
     dumpstep(Vbias)/ps :     1.0
     Vbias factor k /Eh :  0.2050
     Vbias exp α /bohr⁻²:    0.80
*Meta-MTD 1 finished*
Starting Meta-MD   4 with the settings:
     MD time /ps        :     5.0
     dt /fs             :     5.0
     dumpstep(trj) /fs  :     100
     dumpstep(Vbias)/ps :     1.0
     Vbias factor k /Eh :  0.1230
     Vbias exp α /bohr⁻²:    0.78
*Meta-MTD 14 finished*
Starting Meta-MD  13 with the settings:
     MD time /ps        :     5.0
     dt /fs             :     5.0
     dumpstep(trj) /fs  :     100
     dumpstep(Vbias)/ps :     1.0
     Vbias factor k /Eh :  0.0410
     Vbias exp α /bohr⁻²:    0.10
*Meta-MTD 2 finished*
Starting Meta-MD   5 with the settings:
     MD time /ps        :     5.0
     dt /fs             :     5.0
     dumpstep(trj) /fs  :     100
     dumpstep(Vbias)/ps :     1.0
     Vbias factor k /Eh :  0.0615
     Vbias exp α /bohr⁻²:    0.78
*Meta-MTD 3 finished*
Starting Meta-MD   6 with the settings:
     MD time /ps        :     5.0
     dt /fs             :     5.0
     dumpstep(trj) /fs  :     100
     dumpstep(Vbias)/ps :     1.0
     Vbias factor k /Eh :  0.0308
     Vbias exp α /bohr⁻²:    0.78
*Meta-MTD 4 finished*
Starting Meta-MD   7 with the settings:
     MD time /ps        :     5.0
     dt /fs             :     5.0
     dumpstep(trj) /fs  :     100
     dumpstep(Vbias)/ps :     1.0
     Vbias factor k /Eh :  0.1230
     Vbias exp α /bohr⁻²:    0.47
*Meta-MTD 5 finished*
Starting Meta-MD   8 with the settings:
     MD time /ps        :     5.0
     dt /fs             :     5.0
     dumpstep(trj) /fs  :     100
     dumpstep(Vbias)/ps :     1.0
     Vbias factor k /Eh :  0.0615
     Vbias exp α /bohr⁻²:    0.47
*Meta-MTD 13 finished*
Starting Meta-MD  12 with the settings:
     MD time /ps        :     5.0
     dt /fs             :     5.0
     dumpstep(trj) /fs  :     100
     dumpstep(Vbias)/ps :     1.0
     Vbias factor k /Eh :  0.0308
     Vbias exp α /bohr⁻²:    0.28
*Meta-MTD 6 finished*
Starting Meta-MD   9 with the settings:
     MD time /ps        :     5.0
     dt /fs             :     5.0
     dumpstep(trj) /fs  :     100
     dumpstep(Vbias)/ps :     1.0
     Vbias factor k /Eh :  0.0308
     Vbias exp α /bohr⁻²:    0.47
*Meta-MTD 8 finished*
Starting Meta-MD  10 with the settings:
     MD time /ps        :     5.0
     dt /fs             :     5.0
     dumpstep(trj) /fs  :     100
     dumpstep(Vbias)/ps :     1.0
     Vbias factor k /Eh :  0.1230
     Vbias exp α /bohr⁻²:    0.28
*Meta-MTD 9 finished*
Starting Meta-MD  11 with the settings:
     MD time /ps        :     5.0
     dt /fs             :     5.0
     dumpstep(trj) /fs  :     100
     dumpstep(Vbias)/ps :     1.0
     Vbias factor k /Eh :  0.0615
     Vbias exp α /bohr⁻²:    0.28
*Meta-MTD 7 finished*
*Meta-MTD 12 finished*
*Meta-MTD 10 finished*
*Meta-MTD 11 finished*
 
-----------------------
Multilevel Optimization
-----------------------
 
 -------------------------
 1. crude pre-optimization
 -------------------------
 Optimizing all 686 structures from file "crest_rotamers_0.xyz" ...
 1 2 3 4 5 6 7 8 9 10 11 12 13 14 15 16 17 18 19 20 21 22 23 24 25 26 27 28 29 30 31 32 33 34 35 36 37 38 39 40 41 42 43 44 45 46 47 48 49 50 51 52 53 54 55 56 57 58 59 60 61 62 63 64 65 66 67 68 69 70 71 72 73 74 75 76 77 78 79 80 81 82 83 84 85 86 87 88 89 90 91 92 93 94 95 96 97 98 99 100 101 102 103 104 105 106 107 108 109 110 111 112 113 114 115 116 117 118 119 120 121 122 123 124 125 126 127 128 129 130 131 132 133 134 135 136 137 138 139 140 141 142 143 144 145 146 147 148 149 150 151 152 153 154 155 156 157 158 159 160 161 162 163 164 165 166 167 168 169 170 171 172 173 174 175 176 177 178 179 180 181 182 183 184 185 186 187 188 189 190 191 192 193 194 195 196 197 198 199 200 201 202 203 204 205 206 207 208 209 210 211 212 213 214 215 216 217 218 219 220 221 222 223 224 225 226 227 228 229 230 231 232 233 234 235 236 237 238 239 240 241 242 243 244 245 246 247 248 249 250 251 252 253 254 255 256 257 258 259 260 261 262 263 264 265 266 267 268 269 270 271 272 273 274 275 276 277 278 279 280 281 282 283 284 285 286 287 288 289 290 291 292 293 294 295 296 297 298 299 300 301 302 303 304 305 306 307 308 309 310 311 312 313 314 315 316 317 318 319 320 321 322 323 324 325 326 327 328 329 330 331 332 333 334 335 336 337 338 339 340 341 342 343 344 345 346 347 348 349 350 351 352 353 354 355 356 357 358 359 360 361 362 363 364 365 366 367 368 369 370 371 372 373 374 375 376 377 378 379 380 381 382 383 384 385 386 387 388 389 390 391 392 393 394 395 396 397 398 399 400 401 402 403 404 405 406 407 408 409 410 411 412 413 414 415 416 417 418 419 420 421 422 423 424 425 426 427 428 429 430 431 432 433 434 435 436 437 438 439 440 441 442 443 444 445 446 447 448 449 450 451 452 453 454 455 456 457 458 459 460 461 462 463 464 465 466 467 468 469 470 471 472 473 474 475 476 477 478 479 480 481 482 483 484 485 486 487 488 489 490 491 492 493 494 495 496 497 498 499 500 501 502 503 504 505 506 507 508 509 510 511 512 513 514 515 516 517 518 519 520 521 522 523 524 525 526 527 528 529 530 531 532 533 534 535 536 537 538 539 540 541 542 543 544 545 546 547 548 549 550 551 552 553 554 555 556 557 558 559 560 561 562 563 564 565 566 567 568 569 570 571 572 573 574 575 576 577 578 579 580 581 582 583 584 585 586 587 588 589 590 591 592 593 594 595 596 597 598 599 600 601 602 603 604 605 606 607 608 609 610 611 612 613 614 615 616 617 618 619 620 621 622 623 624 625 626 627 628 629 630 631 632 633 634 635 636 637 638 639 640 641 642 643 644 645 646 647 648 649 650 651 652 653 654 655 656 657 658 659 660 661 662 663 664 665 666 667 668 669 670 671 672 673 674 675 676 677 678 679 680 681 682 683 684 685 686
 done.
 running RMSDs...
 done.
 E lowest :   -56.71103
 678 structures remain within    12.00 kcal/mol window
 
 -------------------------------------
 2. optimization with tight thresholds
 -------------------------------------
 Optimizing all 679 structures from file "crest_rotamers_1.xyz" ...
 1 2 3 4 5 6 7 8 9 10 11 12 13 14 15 16 17 18 19 20 21 22 23 24 25 26 27 28 29 30 31 32 33 34 35 36 37 38 39 40 41 42 43 44 45 46 47 48 49 50 51 52 53 54 55 56 57 58 59 60 61 62 63 64 65 66 67 68 69 70 71 72 73 74 75 76 77 78 79 80 81 82 83 84 85 86 87 88 89 90 91 92 93 94 95 96 97 98 99 100 101 102 103 104 105 106 107 108 109 110 111 112 113 114 115 116 117 118 119 120 121 122 123 124 125 126 127 128 129 130 131 132 133 134 135 136 137 138 139 140 141 142 143 144 145 146 147 148 149 150 151 152 153 154 155 156 157 158 159 160 161 162 163 164 165 166 167 168 169 170 171 172 173 174 175 176 177 178 179 180 181 182 183 184 185 186 187 188 189 190 191 192 193 194 195 196 197 198 199 200 201 202 203 204 205 206 207 208 209 210 211 212 213 214 215 216 217 218 219 220 221 222 223 224 225 226 227 228 229 230 231 232 233 234 235 236 237 238 239 240 241 242 243 244 245 246 247 248 249 250 251 252 253 254 255 256 257 258 259 260 261 262 263 264 265 266 267 268 269 270 271 272 273 274 275 276 277 278 279 280 281 282 283 284 285 286 287 288 289 290 291 292 293 294 295 296 297 298 299 300 301 302 303 304 305 306 307 308 309 310 311 312 313 314 315 316 317 318 319 320 321 322 323 324 325 326 327 328 329 330 331 332 333 334 335 336 337 338 339 340 341 342 343 344 345 346 347 348 349 350 351 352 353 354 355 356 357 358 359 360 361 362 363 364 365 366 367 368 369 370 371 372 373 374 375 376 377 378 379 380 381 382 383 384 385 386 387 388 389 390 391 392 393 394 395 396 397 398 399 400 401 402 403 404 405 406 407 408 409 410 411 412 413 414 415 416 417 418 419 420 421 422 423 424 425 426 427 428 429 430 431 432 433 434 435 436 437 438 439 440 441 442 443 444 445 446 447 448 449 450 451 452 453 454 455 456 457 458 459 460 461 462 463 464 465 466 467 468 469 470 471 472 473 474 475 476 477 478 479 480 481 482 483 484 485 486 487 488 489 490 491 492 493 494 495 496 497 498 499 500 501 502 503 504 505 506 507 508 509 510 511 512 513 514 515 516 517 518 519 520 521 522 523 524 525 526 527 528 529 530 531 532 533 534 535 536 537 538 539 540 541 542 543 544 545 546 547 548 549 550 551 552 553 554 555 556 557 558 559 560 561 562 563 564 565 566 567 568 569 570 571 572 573 574 575 576 577 578 579 580 581 582 583 584 585 586 587 588 589 590 591 592 593 594 595 596 597 598 599 600 601 602 603 604 605 606 607 608 609 610 611 612 613 614 615 616 617 618 619 620 621 622 623 624 625 626 627 628 629 630 631 632 633 634 635 636 637 638 639 640 641 642 643 644 645 646 647 648 649 650 651 652 653 654 655 656 657 658 659 660 661 662 663 664 665 666 667 668 669 670 671 672 673 674 675 676 677 678 679
 done.
 running RMSDs...
 done.
 E lowest :   -56.71150
 394 structures remain within     6.00 kcal/mol window
 
 
========================================
            MTD Iteration  2
========================================
 
     ========================================
     |         Meta-MD (MTD) Sampling       |
     ========================================
 
Starting Meta-MD  12 with the settings:
     MD time /ps        :     5.0
     dt /fs             :     5.0
     dumpstep(trj) /fs  :     100
     dumpstep(Vbias)/ps :     1.0
     Vbias factor k /Eh :  0.0308
     Vbias exp α /bohr⁻²:    0.28
Starting Meta-MD   1 with the settings:
     MD time /ps        :     5.0
     dt /fs             :     5.0
     dumpstep(trj) /fs  :     100
     dumpstep(Vbias)/ps :     1.0
     Vbias factor k /Eh :  0.1230
     Vbias exp α /bohr⁻²:    1.30
Starting Meta-MD   2 with the settings:
     MD time /ps        :     5.0
     dt /fs             :     5.0
     dumpstep(trj) /fs  :     100
     dumpstep(Vbias)/ps :     1.0
     Vbias factor k /Eh :  0.0615
     Vbias exp α /bohr⁻²:    1.30
Starting Meta-MD   3 with the settings:
     MD time /ps        :     5.0
     dt /fs             :     5.0
     dumpstep(trj) /fs  :     100
     dumpstep(Vbias)/ps :     1.0
     Vbias factor k /Eh :  0.0308
     Vbias exp α /bohr⁻²:    1.30
*Meta-MTD 1 finished*
Starting Meta-MD   4 with the settings:
     MD time /ps        :     5.0
     dt /fs             :     5.0
     dumpstep(trj) /fs  :     100
     dumpstep(Vbias)/ps :     1.0
     Vbias factor k /Eh :  0.1230
     Vbias exp α /bohr⁻²:    0.78
*Meta-MTD 3 finished*
Starting Meta-MD   5 with the settings:
     MD time /ps        :     5.0
     dt /fs             :     5.0
     dumpstep(trj) /fs  :     100
     dumpstep(Vbias)/ps :     1.0
     Vbias factor k /Eh :  0.0615
     Vbias exp α /bohr⁻²:    0.78
*Meta-MTD 2 finished*
Starting Meta-MD   6 with the settings:
     MD time /ps        :     5.0
     dt /fs             :     5.0
     dumpstep(trj) /fs  :     100
     dumpstep(Vbias)/ps :     1.0
     Vbias factor k /Eh :  0.0308
     Vbias exp α /bohr⁻²:    0.78
*Meta-MTD 12 finished*
Starting Meta-MD  11 with the settings:
     MD time /ps        :     5.0
     dt /fs             :     5.0
     dumpstep(trj) /fs  :     100
     dumpstep(Vbias)/ps :     1.0
     Vbias factor k /Eh :  0.0615
     Vbias exp α /bohr⁻²:    0.28
*Meta-MTD 4 finished*
Starting Meta-MD   7 with the settings:
     MD time /ps        :     5.0
     dt /fs             :     5.0
     dumpstep(trj) /fs  :     100
     dumpstep(Vbias)/ps :     1.0
     Vbias factor k /Eh :  0.1230
     Vbias exp α /bohr⁻²:    0.47
*Meta-MTD 5 finished*
Starting Meta-MD   8 with the settings:
     MD time /ps        :     5.0
     dt /fs             :     5.0
     dumpstep(trj) /fs  :     100
     dumpstep(Vbias)/ps :     1.0
     Vbias factor k /Eh :  0.0615
     Vbias exp α /bohr⁻²:    0.47
*Meta-MTD 11 finished*
Starting Meta-MD  10 with the settings:
     MD time /ps        :     5.0
     dt /fs             :     5.0
     dumpstep(trj) /fs  :     100
     dumpstep(Vbias)/ps :     1.0
     Vbias factor k /Eh :  0.1230
     Vbias exp α /bohr⁻²:    0.28
*Meta-MTD 6 finished*
Starting Meta-MD   9 with the settings:
     MD time /ps        :     5.0
     dt /fs             :     5.0
     dumpstep(trj) /fs  :     100
     dumpstep(Vbias)/ps :     1.0
     Vbias factor k /Eh :  0.0308
     Vbias exp α /bohr⁻²:    0.47
*Meta-MTD 7 finished*
*Meta-MTD 10 finished*
*Meta-MTD 8 finished*
*Meta-MTD 9 finished*
 
-----------------------
Multilevel Optimization
-----------------------
 
 -------------------------
 1. crude pre-optimization
 -------------------------
 Optimizing all 588 structures from file "crest_rotamers_0.xyz" ...
 1 2 3 4 5 6 7 8 9 10 11 12 13 14 15 16 17 18 19 20 21 22 23 24 25 26 27 28 29 30 31 32 33 34 35 36 37 38 39 40 41 42 43 44 45 46 47 48 49 50 51 52 53 54 55 56 57 58 59 60 61 62 63 64 65 66 67 68 69 70 71 72 73 74 75 76 77 78 79 80 81 82 83 84 85 86 87 88 89 90 91 92 93 94 95 96 97 98 99 100 101 102 103 104 105 106 107 108 109 110 111 112 113 114 115 116 117 118 119 120 121 122 123 124 125 126 127 128 129 130 131 132 133 134 135 136 137 138 139 140 141 142 143 144 145 146 147 148 149 150 151 152 153 154 155 156 157 158 159 160 161 162 163 164 165 166 167 168 169 170 171 172 173 174 175 176 177 178 179 180 181 182 183 184 185 186 187 188 189 190 191 192 193 194 195 196 197 198 199 200 201 202 203 204 205 206 207 208 209 210 211 212 213 214 215 216 217 218 219 220 221 222 223 224 225 226 227 228 229 230 231 232 233 234 235 236 237 238 239 240 241 242 243 244 245 246 247 248 249 250 251 252 253 254 255 256 257 258 259 260 261 262 263 264 265 266 267 268 269 270 271 272 273 274 275 276 277 278 279 280 281 282 283 284 285 286 287 288 289 290 291 292 293 294 295 296 297 298 299 300 301 302 303 304 305 306 307 308 309 310 311 312 313 314 315 316 317 318 319 320 321 322 323 324 325 326 327 328 329 330 331 332 333 334 335 336 337 338 339 340 341 342 343 344 345 346 347 348 349 350 351 352 353 354 355 356 357 358 359 360 361 362 363 364 365 366 367 368 369 370 371 372 373 374 375 376 377 378 379 380 381 382 383 384 385 386 387 388 389 390 391 392 393 394 395 396 397 398 399 400 401 402 403 404 405 406 407 408 409 410 411 412 413 414 415 416 417 418 419 420 421 422 423 424 425 426 427 428 429 430 431 432 433 434 435 436 437 438 439 440 441 442 443 444 445 446 447 448 449 450 451 452 453 454 455 456 457 458 459 460 461 462 463 464 465 466 467 468 469 470 471 472 473 474 475 476 477 478 479 480 481 482 483 484 485 486 487 488 489 490 491 492 493 494 495 496 497 498 499 500 501 502 503 504 505 506 507 508 509 510 511 512 513 514 515 516 517 518 519 520 521 522 523 524 525 526 527 528 529 530 531 532 533 534 535 536 537 538 539 540 541 542 543 544 545 546 547 548 549 550 551 552 553 554 555 556 557 558 559 560 561 562 563 564 565 566 567 568 569 570 571 572 573 574 575 576 577 578 579 580 581 582 583 584 585 586 587 588
 done.
 running RMSDs...
 done.
 E lowest :   -56.71090
 584 structures remain within    12.00 kcal/mol window
 
 -------------------------------------
 2. optimization with tight thresholds
 -------------------------------------
 Optimizing all 585 structures from file "crest_rotamers_1.xyz" ...
 1 2 3 4 5 6 7 8 9 10 11 12 13 14 15 16 17 18 19 20 21 22 23 24 25 26 27 28 29 30 31 32 33 34 35 36 37 38 39 40 41 42 43 44 45 46 47 48 49 50 51 52 53 54 55 56 57 58 59 60 61 62 63 64 65 66 67 68 69 70 71 72 73 74 75 76 77 78 79 80 81 82 83 84 85 86 87 88 89 90 91 92 93 94 95 96 97 98 99 100 101 102 103 104 105 106 107 108 109 110 111 112 113 114 115 116 117 118 119 120 121 122 123 124 125 126 127 128 129 130 131 132 133 134 135 136 137 138 139 140 141 142 143 144 145 146 147 148 149 150 151 152 153 154 155 156 157 158 159 160 161 162 163 164 165 166 167 168 169 170 171 172 173 174 175 176 177 178 179 180 181 182 183 184 185 186 187 188 189 190 191 192 193 194 195 196 197 198 199 200 201 202 203 204 205 206 207 208 209 210 211 212 213 214 215 216 217 218 219 220 221 222 223 224 225 226 227 228 229 230 231 232 233 234 235 236 237 238 239 240 241 242 243 244 245 246 247 248 249 250 251 252 253 254 255 256 257 258 259 260 261 262 263 264 265 266 267 268 269 270 271 272 273 274 275 276 277 278 279 280 281 282 283 284 285 286 287 288 289 290 291 292 293 294 295 296 297 298 299 300 301 302 303 304 305 306 307 308 309 310 311 312 313 314 315 316 317 318 319 320 321 322 323 324 325 326 327 328 329 330 331 332 333 334 335 336 337 338 339 340 341 342 343 344 345 346 347 348 349 350 351 352 353 354 355 356 357 358 359 360 361 362 363 364 365 366 367 368 369 370 371 372 373 374 375 376 377 378 379 380 381 382 383 384 385 386 387 388 389 390 391 392 393 394 395 396 397 398 399 400 401 402 403 404 405 406 407 408 409 410 411 412 413 414 415 416 417 418 419 420 421 422 423 424 425 426 427 428 429 430 431 432 433 434 435 436 437 438 439 440 441 442 443 444 445 446 447 448 449 450 451 452 453 454 455 456 457 458 459 460 461 462 463 464 465 466 467 468 469 470 471 472 473 474 475 476 477 478 479 480 481 482 483 484 485 486 487 488 489 490 491 492 493 494 495 496 497 498 499 500 501 502 503 504 505 506 507 508 509 510 511 512 513 514 515 516 517 518 519 520 521 522 523 524 525 526 527 528 529 530 531 532 533 534 535 536 537 538 539 540 541 542 543 544 545 546 547 548 549 550 551 552 553 554 555 556 557 558 559 560 561 562 563 564 565 566 567 568 569 570 571 572 573 574 575 576 577 578 579 580 581 582 583 584 585
 done.
 running RMSDs...
 done.
 E lowest :   -56.71150
 331 structures remain within     6.00 kcal/mol window
 
========================================
            MTD Iterations done         
========================================
 Collecting ensmbles.
 running RMSDs...
 done.
 E lowest :   -56.71150
 573 structures remain within     6.00 kcal/mol window
 
-----------------------------------------------
Additional regular MDs on lowest 4 conformer(s)
-----------------------------------------------
Starting MD   1 with the settings:
     MD time /ps        :     2.5
     MD Temperature /K  :   400.0
     dt /fs             :     5.0
     dumpstep(trj) /fs  :     100
Starting MD   2 with the settings:
     MD time /ps        :     2.5
     MD Temperature /K  :   500.0
     dt /fs             :     5.0
     dumpstep(trj) /fs  :     100
Starting MD   3 with the settings:
     MD time /ps        :     2.5
     MD Temperature /K  :   400.0
     dt /fs             :     5.0
     dumpstep(trj) /fs  :     100
Starting MD   8 with the settings:
     MD time /ps        :     2.5
     MD Temperature /K  :   500.0
     dt /fs             :     5.0
     dumpstep(trj) /fs  :     100
*MD 1 finished*
Starting MD   4 with the settings:
     MD time /ps        :     2.5
     MD Temperature /K  :   500.0
     dt /fs             :     5.0
     dumpstep(trj) /fs  :     100
*MD 3 finished*
Starting MD   5 with the settings:
     MD time /ps        :     2.5
     MD Temperature /K  :   400.0
     dt /fs             :     5.0
     dumpstep(trj) /fs  :     100
*MD 8 finished*
*MD 2 finished*
Starting MD   7 with the settings:
     MD time /ps        :     2.5
     MD Temperature /K  :   400.0
     dt /fs             :     5.0
     dumpstep(trj) /fs  :     100
Starting MD   6 with the settings:
     MD time /ps        :     2.5
     MD Temperature /K  :   500.0
     dt /fs             :     5.0
     dumpstep(trj) /fs  :     100
*MD 4 finished*
*MD 5 finished*
*MD 7 finished*
*MD 6 finished*
 Appending file crest_rotamers_1.xyz with new structures
 
 -------------------------------------------
 Ensemble optimization with tight thresholds
 -------------------------------------------
 Optimizing all 765 structures from file "crest_rotamers_1.xyz" ...
 1 2 3 4 5 6 7 8 9 10 11 12 13 14 15 16 17 18 19 20 21 22 23 24 25 26 27 28 29 30 31 32 33 34 35 36 37 38 39 40 41 42 43 44 45 46 47 48 49 50 51 52 53 54 55 56 57 58 59 60 61 62 63 64 65 66 67 68 69 70 71 72 73 74 75 76 77 78 79 80 81 82 83 84 85 86 87 88 89 90 91 92 93 94 95 96 97 98 99 100 101 102 103 104 105 106 107 108 109 110 111 112 113 114 115 116 117 118 119 120 121 122 123 124 125 126 127 128 129 130 131 132 133 134 135 136 137 138 139 140 141 142 143 144 145 146 147 148 149 150 151 152 153 154 155 156 157 158 159 160 161 162 163 164 165 166 167 168 169 170 171 172 173 174 175 176 177 178 179 180 181 182 183 184 185 186 187 188 189 190 191 192 193 194 195 196 197 198 199 200 201 202 203 204 205 206 207 208 209 210 211 212 213 214 215 216 217 218 219 220 221 222 223 224 225 226 227 228 229 230 231 232 233 234 235 236 237 238 239 240 241 242 243 244 245 246 247 248 249 250 251 252 253 254 255 256 257 258 259 260 261 262 263 264 265 266 267 268 269 270 271 272 273 274 275 276 277 278 279 280 281 282 283 284 285 286 287 288 289 290 291 292 293 294 295 296 297 298 299 300 301 302 303 304 305 306 307 308 309 310 311 312 313 314 315 316 317 318 319 320 321 322 323 324 325 326 327 328 329 330 331 332 333 334 335 336 337 338 339 340 341 342 343 344 345 346 347 348 349 350 351 352 353 354 355 356 357 358 359 360 361 362 363 364 365 366 367 368 369 370 371 372 373 374 375 376 377 378 379 380 381 382 383 384 385 386 387 388 389 390 391 392 393 394 395 396 397 398 399 400 401 402 403 404 405 406 407 408 409 410 411 412 413 414 415 416 417 418 419 420 421 422 423 424 425 426 427 428 429 430 431 432 433 434 435 436 437 438 439 440 441 442 443 444 445 446 447 448 449 450 451 452 453 454 455 456 457 458 459 460 461 462 463 464 465 466 467 468 469 470 471 472 473 474 475 476 477 478 479 480 481 482 483 484 485 486 487 488 489 490 491 492 493 494 495 496 497 498 499 500 501 502 503 504 505 506 507 508 509 510 511 512 513 514 515 516 517 518 519 520 521 522 523 524 525 526 527 528 529 530 531 532 533 534 535 536 537 538 539 540 541 542 543 544 545 546 547 548 549 550 551 552 553 554 555 556 557 558 559 560 561 562 563 564 565 566 567 568 569 570 571 572 573 574 575 576 577 578 579 580 581 582 583 584 585 586 587 588 589 590 591 592 593 594 595 596 597 598 599 600 601 602 603 604 605 606 607 608 609 610 611 612 613 614 615 616 617 618 619 620 621 622 623 624 625 626 627 628 629 630 631 632 633 634 635 636 637 638 639 640 641 642 643 644 645 646 647 648 649 650 651 652 653 654 655 656 657 658 659 660 661 662 663 664 665 666 667 668 669 670 671 672 673 674 675 676 677 678 679 680 681 682 683 684 685 686 687 688 689 690 691 692 693 694 695 696 697 698 699 700 701 702 703 704 705 706 707 708 709 710 711 712 713 714 715 716 717 718 719 720 721 722 723 724 725 726 727 728 729 730 731 732 733 734 735 736 737 738 739 740 741 742 743 744 745 746 747 748 749 750 751 752 753 754 755 756 757 758 759 760 761 762 763 764 765
 done.
 running RMSDs...
 done.
 E lowest :   -56.71150
 601 structures remain within     6.00 kcal/mol window
 
 
     ========================================
     |        Structure Crossing (GC)       |
     ========================================
 =============================
  # threads =           4
 =============================
 input  file name : crest_rotamers_3.xyz
number of atoms                :    41
number of points on xyz files  :   601
conformer energy window  /kcal :    6.00
CN per atom difference cut-off :  0.3000
RMSD threshold                 :  0.2500
max. # of generated structures : 250
 reading xyz file ...
 # in E window                601
 generating pairs ...      180900
  25.0 % done
  36.1 % done
  65.7 % done
  73.4 % done
  78.9 % done
  99.8 % done
 generated pairs           :      160979
 number of clash discarded :       19321
 average rmsd w.r.t input  : 3.32137
 sd of ensemble            : 1.46001
 number of new structures      :          19
 removed identical structures  :         481
 writing           19  TMPCONF* dirs ...
 --------------------------
 GC: loose pre-optimization
 --------------------------
 Starting optimization of generated structures
 19 jobs to do.
 1 2 3 4 5 6 7 8 9 10 11 12 13 14 15 16 17 18 19 
 done.
 Now appending opt.xyz file with new structures
 running RMSDs...
 done.
 E lowest :   -56.71147
 18 structures remain within    10.00 kcal/mol window
 --------------------------------------
 GC: optimization with tight thresholds
 --------------------------------------
 Optimizing all 18 structures from file "crest_rotamers_1.xyz" ...
 1 2 3 4 5 6 7 8 9 10 11 12 13 14 15 16 17 18
 done.
 running RMSDs...
 done.
 E lowest :   -56.71150
 
 
   ================================================
   |           Final Geometry Optimization        |
   ================================================
 ------------------------------------------------
 Ensemble optimization with very tight thresholds
 ------------------------------------------------
 Optimizing all 601 structures from file "crest_rotamers_4.xyz" ...
 1 2 3 4 5 6 7 8 9 10 11 12 13 14 15 16 17 18 19 20 21 22 23 24 25 26 27 28 29 30 31 32 33 34 35 36 37 38 39 40 41 42 43 44 45 46 47 48 49 50 51 52 53 54 55 56 57 58 59 60 61 62 63 64 65 66 67 68 69 70 71 72 73 74 75 76 77 78 79 80 81 82 83 84 85 86 87 88 89 90 91 92 93 94 95 96 97 98 99 100 101 102 103 104 105 106 107 108 109 110 111 112 113 114 115 116 117 118 119 120 121 122 123 124 125 126 127 128 129 130 131 132 133 134 135 136 137 138 139 140 141 142 143 144 145 146 147 148 149 150 151 152 153 154 155 156 157 158 159 160 161 162 163 164 165 166 167 168 169 170 171 172 173 174 175 176 177 178 179 180 181 182 183 184 185 186 187 188 189 190 191 192 193 194 195 196 197 198 199 200 201 202 203 204 205 206 207 208 209 210 211 212 213 214 215 216 217 218 219 220 221 222 223 224 225 226 227 228 229 230 231 232 233 234 235 236 237 238 239 240 241 242 243 244 245 246 247 248 249 250 251 252 253 254 255 256 257 258 259 260 261 262 263 264 265 266 267 268 269 270 271 272 273 274 275 276 277 278 279 280 281 282 283 284 285 286 287 288 289 290 291 292 293 294 295 296 297 298 299 300 301 302 303 304 305 306 307 308 309 310 311 312 313 314 315 316 317 318 319 320 321 322 323 324 325 326 327 328 329 330 331 332 333 334 335 336 337 338 339 340 341 342 343 344 345 346 347 348 349 350 351 352 353 354 355 356 357 358 359 360 361 362 363 364 365 366 367 368 369 370 371 372 373 374 375 376 377 378 379 380 381 382 383 384 385 386 387 388 389 390 391 392 393 394 395 396 397 398 399 400 401 402 403 404 405 406 407 408 409 410 411 412 413 414 415 416 417 418 419 420 421 422 423 424 425 426 427 428 429 430 431 432 433 434 435 436 437 438 439 440 441 442 443 444 445 446 447 448 449 450 451 452 453 454 455 456 457 458 459 460 461 462 463 464 465 466 467 468 469 470 471 472 473 474 475 476 477 478 479 480 481 482 483 484 485 486 487 488 489 490 491 492 493 494 495 496 497 498 499 500 501 502 503 504 505 506 507 508 509 510 511 512 513 514 515 516 517 518 519 520 521 522 523 524 525 526 527 528 529 530 531 532 533 534 535 536 537 538 539 540 541 542 543 544 545 546 547 548 549 550 551 552 553 554 555 556 557 558 559 560 561 562 563 564 565 566 567 568 569 570 571 572 573 574 575 576 577 578 579 580 581 582 583 584 585 586 587 588 589 590 591 592 593 594 595 596 597 598 599 600 601
 done.
 running RMSDs...
 done.
 E lowest :   -56.71150
 573 structures remain within     6.00 kcal/mol window
 
 input  file name : crest_rotamers_5.xyz
 output file name : crest_rotamers_6.xyz
 number of atoms                :   41
 number of points on xyz files  :   601
 RMSD threshold                 :   0.1250
 Bconst threshold               :   0.0100
 population threshold           :   0.0500
 conformer energy window  /kcal :   6.0000
 # fragment in coord            :     1
 # bonds in reference structure :    43
 number of reliable points      :   601
 reference state Etot :  -56.7115023300000
 number of doubles removed by rot/RMSD         :          28
 total number unique points considered further :         573
       Erel/kcal        Etot weight/tot  conformer     set   degen     origin
       1   0.000   -56.71150    0.00188    0.56402       1     302     mtd2
       2   0.000   -56.71150    0.00188                                mtd1
       3   0.000   -56.71150    0.00188                                mtd13
       4   0.000   -56.71150    0.00188                                mtd10
       5   0.000   -56.71150    0.00188                                mtd4
       6   0.000   -56.71150    0.00188                                mtd4
       7   0.000   -56.71150    0.00188                                mtd11
       8   0.000   -56.71150    0.00188                                mtd5
       9   0.000   -56.71150    0.00188                                mtd9
      10   0.000   -56.71150    0.00188                                md7
      11   0.000   -56.71150    0.00188                                mtd10
      12   0.000   -56.71150    0.00188                                mtd9
      13   0.000   -56.71150    0.00188                                mtd11
      14   0.000   -56.71150    0.00188                                mtd12
      15   0.000   -56.71150    0.00188                                mtd11
      16   0.000   -56.71150    0.00188                                mtd14
      17   0.000   -56.71150    0.00188                                mtd8
      18   0.000   -56.71150    0.00188                                mtd7
      19   0.000   -56.71150    0.00188                                mtd10
      20   0.000   -56.71150    0.00188                                mtd6
      21   0.000   -56.71150    0.00188                                mtd1
      22   0.000   -56.71150    0.00188                                mtd12
      23   0.000   -56.71150    0.00188                                mtd10
      24   0.000   -56.71150    0.00188                                mtd11
      25   0.000   -56.71150    0.00188                                mtd14
      26   0.000   -56.71150    0.00188                                mtd8
      27   0.000   -56.71150    0.00188                                mtd4
      28   0.000   -56.71150    0.00188                                mtd10
      29   0.000   -56.71150    0.00188                                mtd10
      30   0.000   -56.71150    0.00188                                mtd1
      31   0.000   -56.71150    0.00188                                mtd4
      32   0.000   -56.71150    0.00188                                mtd3
      33   0.000   -56.71150    0.00188                                mtd3
      34   0.000   -56.71150    0.00188                                mtd11
      35   0.000   -56.71150    0.00188                                mtd2
      36   0.000   -56.71150    0.00188                                mtd4
      37   0.000   -56.71150    0.00188                                mtd8
      38   0.000   -56.71150    0.00188                                mtd10
      39   0.000   -56.71150    0.00188                                mtd14
      40   0.000   -56.71150    0.00188                                mtd12
      41   0.000   -56.71150    0.00188                                mtd6
      42   0.000   -56.71150    0.00188                                mtd12
      43   0.000   -56.71150    0.00188                                mtd4
      44   0.000   -56.71150    0.00188                                mtd12
      45   0.000   -56.71150    0.00188                                mtd5
      46   0.000   -56.71150    0.00188                                mtd1
      47   0.000   -56.71150    0.00188                                mtd1
      48   0.000   -56.71150    0.00188                                mtd12
      49   0.001   -56.71150    0.00188                                mtd9
      50   0.001   -56.71150    0.00188                                mtd11
      51   0.001   -56.71150    0.00188                                mtd12
      52   0.001   -56.71150    0.00188                                mtd7
      53   0.001   -56.71150    0.00188                                mtd10
      54   0.001   -56.71150    0.00188                                mtd5
      55   0.001   -56.71150    0.00188                                mtd11
      56   0.001   -56.71150    0.00188                                mtd8
      57   0.001   -56.71150    0.00188                                mtd6
      58   0.001   -56.71150    0.00188                                mtd7
      59   0.001   -56.71150    0.00188                                mtd9
      60   0.001   -56.71150    0.00188                                mtd6
      61   0.001   -56.71150    0.00188                                mtd1
      62   0.001   -56.71150    0.00188                                mtd11
      63   0.001   -56.71150    0.00188                                mtd14
      64   0.001   -56.71150    0.00188                                mtd1
      65   0.001   -56.71150    0.00188                                mtd5
      66   0.001   -56.71150    0.00188                                input
      67   0.001   -56.71150    0.00188                                mtd1
      68   0.001   -56.71150    0.00188                                md5
      69   0.001   -56.71150    0.00188                                mtd4
      70   0.001   -56.71150    0.00188                                mtd1
      71   0.001   -56.71150    0.00188                                mtd12
      72   0.001   -56.71150    0.00188                                mtd10
      73   0.001   -56.71150    0.00188                                mtd6
      74   0.001   -56.71150    0.00188                                mtd7
      75   0.001   -56.71150    0.00188                                mtd13
      76   0.001   -56.71150    0.00188                                mtd7
      77   0.001   -56.71150    0.00188                                mtd1
      78   0.001   -56.71150    0.00188                                mtd1
      79   0.001   -56.71150    0.00188                                mtd13
      80   0.001   -56.71150    0.00188                                mtd10
      81   0.001   -56.71150    0.00188                                mtd14
      82   0.001   -56.71150    0.00188                                mtd9
      83   0.001   -56.71150    0.00188                                mtd3
      84   0.001   -56.71150    0.00188                                mtd10
      85   0.001   -56.71150    0.00188                                mtd12
      86   0.001   -56.71150    0.00188                                mtd7
      87   0.001   -56.71150    0.00188                                mtd7
      88   0.001   -56.71150    0.00188                                mtd4
      89   0.001   -56.71150    0.00188                                mtd11
      90   0.001   -56.71150    0.00188                                mtd7
      91   0.001   -56.71150    0.00188                                mtd2
      92   0.001   -56.71150    0.00188                                mtd7
      93   0.001   -56.71150    0.00188                                mtd13
      94   0.001   -56.71150    0.00188                                md3
      95   0.001   -56.71150    0.00188                                md8
      96   0.001   -56.71150    0.00188                                mtd11
      97   0.001   -56.71150    0.00188                                mtd4
      98   0.001   -56.71150    0.00188                                mtd1
      99   0.001   -56.71150    0.00188                                gc
     100   0.001   -56.71150    0.00188                                mtd4
     101   0.001   -56.71150    0.00188                                mtd3
     102   0.001   -56.71150    0.00188                                gc
     103   0.001   -56.71150    0.00188                                gc
     104   0.001   -56.71150    0.00188                                mtd11
     105   0.001   -56.71150    0.00188                                mtd12
     106   0.001   -56.71150    0.00188                                mtd8
     107   0.001   -56.71150    0.00188                                mtd3
     108   0.001   -56.71150    0.00188                                mtd4
     109   0.001   -56.71150    0.00188                                mtd13
     110   0.001   -56.71150    0.00188                                mtd6
     111   0.001   -56.71150    0.00188                                mtd7
     112   0.001   -56.71150    0.00188                                mtd7
     113   0.001   -56.71150    0.00188                                mtd3
     114   0.001   -56.71150    0.00188                                mtd4
     115   0.001   -56.71150    0.00188                                mtd10
     116   0.002   -56.71150    0.00188                                mtd12
     117   0.002   -56.71150    0.00188                                mtd9
     118   0.002   -56.71150    0.00188                                mtd2
     119   0.002   -56.71150    0.00188                                mtd4
     120   0.002   -56.71150    0.00188                                mtd5
     121   0.002   -56.71150    0.00188                                mtd5
     122   0.002   -56.71150    0.00188                                md1
     123   0.002   -56.71150    0.00188                                mtd13
     124   0.002   -56.71150    0.00188                                mtd10
     125   0.002   -56.71150    0.00188                                mtd4
     126   0.002   -56.71150    0.00188                                mtd1
     127   0.002   -56.71150    0.00188                                mtd11
     128   0.002   -56.71150    0.00188                                mtd12
     129   0.002   -56.71150    0.00188                                mtd10
     130   0.002   -56.71150    0.00188                                mtd7
     131   0.002   -56.71150    0.00188                                mtd10
     132   0.002   -56.71150    0.00188                                md3
     133   0.002   -56.71150    0.00188                                mtd4
     134   0.002   -56.71150    0.00188                                mtd8
     135   0.002   -56.71150    0.00188                                mtd4
     136   0.002   -56.71150    0.00188                                mtd13
     137   0.002   -56.71150    0.00188                                mtd10
     138   0.002   -56.71150    0.00188                                md8
     139   0.002   -56.71150    0.00188                                md3
     140   0.002   -56.71150    0.00188                                mtd2
     141   0.002   -56.71150    0.00188                                mtd6
     142   0.002   -56.71150    0.00188                                mtd4
     143   0.002   -56.71150    0.00188                                mtd13
     144   0.002   -56.71150    0.00188                                mtd11
     145   0.002   -56.71150    0.00188                                mtd11
     146   0.002   -56.71150    0.00188                                mtd11
     147   0.002   -56.71150    0.00188                                mtd2
     148   0.002   -56.71150    0.00188                                mtd5
     149   0.002   -56.71150    0.00188                                mtd10
     150   0.002   -56.71150    0.00188                                mtd4
     151   0.002   -56.71150    0.00188                                md5
     152   0.002   -56.71150    0.00188                                gc
     153   0.002   -56.71150    0.00188                                gc
     154   0.002   -56.71150    0.00188                                md1
     155   0.002   -56.71150    0.00188                                gc
     156   0.002   -56.71150    0.00188                                mtd7
     157   0.003   -56.71150    0.00188                                mtd3
     158   0.003   -56.71150    0.00188                                mtd7
     159   0.003   -56.71150    0.00188                                mtd11
     160   0.003   -56.71150    0.00188                                mtd5
     161   0.003   -56.71150    0.00188                                mtd7
     162   0.003   -56.71150    0.00187                                mtd7
     163   0.003   -56.71150    0.00187                                mtd13
     164   0.003   -56.71150    0.00187                                mtd8
     165   0.003   -56.71150    0.00187                                mtd11
     166   0.003   -56.71150    0.00187                                mtd9
     167   0.003   -56.71150    0.00187                                md3
     168   0.003   -56.71150    0.00187                                mtd5
     169   0.003   -56.71150    0.00187                                mtd12
     170   0.003   -56.71150    0.00187                                mtd10
     171   0.003   -56.71150    0.00187                                mtd4
     172   0.003   -56.71150    0.00187                                mtd11
     173   0.003   -56.71150    0.00187                                mtd11
     174   0.003   -56.71150    0.00187                                mtd11
     175   0.003   -56.71150    0.00187                                mtd9
     176   0.003   -56.71150    0.00187                                mtd10
     177   0.003   -56.71150    0.00187                                mtd2
     178   0.003   -56.71150    0.00187                                mtd7
     179   0.003   -56.71150    0.00187                                mtd1
     180   0.003   -56.71150    0.00187                                mtd13
     181   0.003   -56.71150    0.00187                                mtd13
     182   0.003   -56.71150    0.00187                                mtd4
     183   0.003   -56.71150    0.00187                                mtd12
     184   0.003   -56.71150    0.00187                                mtd10
     185   0.003   -56.71150    0.00187                                mtd10
     186   0.003   -56.71150    0.00187                                md8
     187   0.004   -56.71150    0.00187                                mtd8
     188   0.004   -56.71150    0.00187                                mtd11
     189   0.004   -56.71150    0.00187                                mtd11
     190   0.004   -56.71150    0.00187                                mtd7
     191   0.004   -56.71150    0.00187                                mtd12
     192   0.004   -56.71150    0.00187                                mtd10
     193   0.004   -56.71150    0.00187                                mtd4
     194   0.004   -56.71150    0.00187                                mtd10
     195   0.004   -56.71150    0.00187                                mtd11
     196   0.004   -56.71150    0.00187                                mtd10
     197   0.004   -56.71150    0.00187                                mtd10
     198   0.004   -56.71150    0.00187                                mtd5
     199   0.004   -56.71150    0.00187                                mtd4
     200   0.004   -56.71150    0.00187                                mtd11
     201   0.004   -56.71150    0.00187                                mtd13
     202   0.004   -56.71150    0.00187                                mtd12
     203   0.004   -56.71150    0.00187                                mtd1
     204   0.004   -56.71150    0.00187                                mtd2
     205   0.004   -56.71150    0.00187                                mtd7
     206   0.004   -56.71150    0.00187                                mtd11
     207   0.004   -56.71150    0.00187                                mtd10
     208   0.004   -56.71150    0.00187                                mtd10
     209   0.004   -56.71150    0.00187                                mtd7
     210   0.005   -56.71150    0.00187                                mtd8
     211   0.005   -56.71150    0.00187                                mtd13
     212   0.005   -56.71149    0.00187                                md1
     213   0.005   -56.71149    0.00187                                mtd3
     214   0.005   -56.71149    0.00187                                mtd10
     215   0.005   -56.71149    0.00187                                mtd7
     216   0.005   -56.71149    0.00187                                mtd9
     217   0.005   -56.71149    0.00187                                mtd7
     218   0.005   -56.71149    0.00187                                mtd2
     219   0.006   -56.71149    0.00187                                mtd11
     220   0.006   -56.71149    0.00187                                mtd4
     221   0.006   -56.71149    0.00187                                mtd8
     222   0.006   -56.71149    0.00186                                mtd10
     223   0.006   -56.71149    0.00186                                mtd1
     224   0.006   -56.71149    0.00186                                mtd10
     225   0.006   -56.71149    0.00186                                mtd7
     226   0.006   -56.71149    0.00186                                mtd7
     227   0.006   -56.71149    0.00186                                mtd7
     228   0.006   -56.71149    0.00186                                mtd4
     229   0.006   -56.71149    0.00186                                mtd10
     230   0.006   -56.71149    0.00186                                mtd9
     231   0.006   -56.71149    0.00186                                mtd10
     232   0.007   -56.71149    0.00186                                mtd11
     233   0.007   -56.71149    0.00186                                mtd10
     234   0.007   -56.71149    0.00186                                mtd10
     235   0.007   -56.71149    0.00186                                mtd5
     236   0.007   -56.71149    0.00186                                mtd10
     237   0.007   -56.71149    0.00186                                mtd13
     238   0.008   -56.71149    0.00186                                mtd6
     239   0.008   -56.71149    0.00186                                mtd10
     240   0.008   -56.71149    0.00186                                mtd4
     241   0.008   -56.71149    0.00186                                mtd6
     242   0.008   -56.71149    0.00186                                mtd7
     243   0.008   -56.71149    0.00186                                mtd5
     244   0.008   -56.71149    0.00186                                mtd10
     245   0.008   -56.71149    0.00186                                mtd4
     246   0.008   -56.71149    0.00186                                md2
     247   0.008   -56.71149    0.00186                                mtd11
     248   0.008   -56.71149    0.00186                                mtd10
     249   0.008   -56.71149    0.00186                                mtd4
     250   0.008   -56.71149    0.00186                                mtd1
     251   0.008   -56.71149    0.00186                                mtd4
     252   0.009   -56.71149    0.00186                                mtd11
     253   0.009   -56.71149    0.00186                                mtd11
     254   0.009   -56.71149    0.00186                                mtd6
     255   0.009   -56.71149    0.00185                                mtd10
     256   0.009   -56.71149    0.00185                                mtd7
     257   0.009   -56.71149    0.00185                                mtd11
     258   0.010   -56.71149    0.00185                                mtd7
     259   0.010   -56.71149    0.00185                                mtd4
     260   0.010   -56.71149    0.00185                                mtd9
     261   0.011   -56.71149    0.00185                                mtd10
     262   0.011   -56.71149    0.00185                                mtd10
     263   0.011   -56.71148    0.00185                                mtd2
     264   0.011   -56.71148    0.00185                                md1
     265   0.012   -56.71148    0.00185                                mtd8
     266   0.012   -56.71148    0.00185                                mtd12
     267   0.013   -56.71148    0.00184                                mtd7
     268   0.013   -56.71148    0.00184                                mtd12
     269   0.013   -56.71148    0.00184                                mtd10
     270   0.013   -56.71148    0.00184                                mtd10
     271   0.014   -56.71148    0.00184                                mtd12
     272   0.014   -56.71148    0.00184                                mtd12
     273   0.015   -56.71148    0.00184                                mtd7
     274   0.015   -56.71148    0.00184                                mtd12
     275   0.016   -56.71148    0.00183                                mtd11
     276   0.016   -56.71148    0.00183                                mtd10
     277   0.017   -56.71148    0.00183                                mtd11
     278   0.017   -56.71148    0.00183                                mtd11
     279   0.017   -56.71148    0.00183                                mtd10
     280   0.017   -56.71148    0.00183                                mtd11
     281   0.017   -56.71147    0.00183                                mtd4
     282   0.018   -56.71147    0.00183                                mtd10
     283   0.018   -56.71147    0.00183                                mtd7
     284   0.019   -56.71147    0.00183                                mtd1
     285   0.019   -56.71147    0.00182                                mtd8
     286   0.020   -56.71147    0.00182                                mtd4
     287   0.020   -56.71147    0.00182                                mtd12
     288   0.020   -56.71147    0.00182                                mtd2
     289   0.021   -56.71147    0.00182                                mtd7
     290   0.022   -56.71147    0.00182                                md4
     291   0.022   -56.71147    0.00181                                mtd7
     292   0.024   -56.71146    0.00181                                mtd12
     293   0.024   -56.71146    0.00181                                md5
     294   0.024   -56.71146    0.00181                                mtd4
     295   0.026   -56.71146    0.00180                                mtd11
     296   0.028   -56.71146    0.00180                                mtd11
     297   0.028   -56.71146    0.00180                                mtd1
     298   0.030   -56.71146    0.00179                                md7
     299   0.031   -56.71145    0.00179                                mtd11
     300   0.040   -56.71144    0.00176                                mtd8
     301   0.047   -56.71143    0.00174                                md1
     302   0.048   -56.71143    0.00174                                mtd11
     303   0.054   -56.71142    0.00172    0.00839       2       5     md1
     304   0.066   -56.71140    0.00169                                mtd1
     305   0.075   -56.71138    0.00166                                md6
     306   0.075   -56.71138    0.00166                                mtd12
     307   0.075   -56.71138    0.00166                                mtd7
     308   0.075   -56.71138    0.00166    0.34859       3     213     mtd5
     309   0.075   -56.71138    0.00166                                md6
     310   0.075   -56.71138    0.00166                                mtd5
     311   0.075   -56.71138    0.00166                                mtd13
     312   0.075   -56.71138    0.00166                                mtd14
     313   0.075   -56.71138    0.00166                                mtd7
     314   0.075   -56.71138    0.00166                                md4
     315   0.075   -56.71138    0.00166                                md7
     316   0.075   -56.71138    0.00166                                md5
     317   0.075   -56.71138    0.00166                                mtd5
     318   0.075   -56.71138    0.00166                                mtd14
     319   0.075   -56.71138    0.00166                                md7
     320   0.075   -56.71138    0.00166                                mtd8
     321   0.075   -56.71138    0.00166                                md6
     322   0.075   -56.71138    0.00166                                mtd7
     323   0.075   -56.71138    0.00166                                mtd9
     324   0.075   -56.71138    0.00166                                mtd3
     325   0.075   -56.71138    0.00166                                mtd2
     326   0.075   -56.71138    0.00166                                md4
     327   0.075   -56.71138    0.00166                                md4
     328   0.075   -56.71138    0.00166                                mtd5
     329   0.075   -56.71138    0.00166                                mtd2
     330   0.075   -56.71138    0.00166                                mtd4
     331   0.075   -56.71138    0.00166                                mtd6
     332   0.075   -56.71138    0.00166                                mtd8
     333   0.075   -56.71138    0.00166                                mtd2
     334   0.075   -56.71138    0.00166                                mtd8
     335   0.075   -56.71138    0.00166                                md2
     336   0.075   -56.71138    0.00166                                mtd5
     337   0.075   -56.71138    0.00166                                md1
     338   0.075   -56.71138    0.00166                                md3
     339   0.075   -56.71138    0.00166                                mtd14
     340   0.075   -56.71138    0.00166                                mtd1
     341   0.076   -56.71138    0.00166                                md4
     342   0.076   -56.71138    0.00166                                mtd6
     343   0.076   -56.71138    0.00166                                mtd11
     344   0.076   -56.71138    0.00166                                mtd2
     345   0.076   -56.71138    0.00166                                mtd8
     346   0.076   -56.71138    0.00166                                mtd9
     347   0.076   -56.71138    0.00166                                mtd3
     348   0.076   -56.71138    0.00166                                mtd4
     349   0.076   -56.71138    0.00166                                mtd13
     350   0.076   -56.71138    0.00166                                mtd12
     351   0.076   -56.71138    0.00166                                mtd8
     352   0.076   -56.71138    0.00166                                md6
     353   0.076   -56.71138    0.00166                                mtd5
     354   0.076   -56.71138    0.00166                                md6
     355   0.076   -56.71138    0.00166                                mtd3
     356   0.076   -56.71138    0.00166                                mtd1
     357   0.076   -56.71138    0.00166                                md4
     358   0.076   -56.71138    0.00166                                mtd2
     359   0.076   -56.71138    0.00166                                mtd13
     360   0.076   -56.71138    0.00166                                md8
     361   0.076   -56.71138    0.00166                                mtd2
     362   0.076   -56.71138    0.00166                                mtd1
     363   0.076   -56.71138    0.00166                                mtd1
     364   0.076   -56.71138    0.00166                                mtd13
     365   0.076   -56.71138    0.00166                                mtd14
     366   0.076   -56.71138    0.00166                                md5
     367   0.076   -56.71138    0.00166                                mtd9
     368   0.077   -56.71138    0.00166                                md8
     369   0.077   -56.71138    0.00166                                mtd6
     370   0.077   -56.71138    0.00166                                mtd3
     371   0.077   -56.71138    0.00166                                mtd8
     372   0.077   -56.71138    0.00165                                mtd8
     373   0.077   -56.71138    0.00165                                mtd8
     374   0.077   -56.71138    0.00165                                mtd2
     375   0.077   -56.71138    0.00165                                mtd13
     376   0.077   -56.71138    0.00165                                mtd8
     377   0.077   -56.71138    0.00165                                mtd7
     378   0.077   -56.71138    0.00165                                mtd1
     379   0.077   -56.71138    0.00165                                md7
     380   0.077   -56.71138    0.00165                                mtd8
     381   0.077   -56.71138    0.00165                                mtd12
     382   0.077   -56.71138    0.00165                                md7
     383   0.077   -56.71138    0.00165                                mtd11
     384   0.077   -56.71138    0.00165                                md4
     385   0.077   -56.71138    0.00165                                mtd8
     386   0.078   -56.71138    0.00165                                mtd2
     387   0.078   -56.71138    0.00165                                mtd2
     388   0.078   -56.71138    0.00165                                mtd12
     389   0.078   -56.71138    0.00165                                mtd2
     390   0.078   -56.71138    0.00165                                md3
     391   0.078   -56.71138    0.00165                                mtd5
     392   0.078   -56.71138    0.00165                                mtd5
     393   0.078   -56.71138    0.00165                                mtd1
     394   0.078   -56.71138    0.00165                                mtd6
     395   0.078   -56.71138    0.00165                                md6
     396   0.078   -56.71138    0.00165                                mtd11
     397   0.078   -56.71138    0.00165                                mtd7
     398   0.078   -56.71138    0.00165                                mtd10
     399   0.078   -56.71138    0.00165                                mtd9
     400   0.078   -56.71138    0.00165                                mtd2
     401   0.078   -56.71138    0.00165                                mtd13
     402   0.079   -56.71138    0.00165                                mtd10
     403   0.079   -56.71138    0.00165                                mtd10
     404   0.079   -56.71138    0.00165                                mtd5
     405   0.079   -56.71138    0.00165                                mtd9
     406   0.079   -56.71138    0.00165                                mtd7
     407   0.079   -56.71138    0.00165                                mtd5
     408   0.079   -56.71138    0.00165                                mtd3
     409   0.079   -56.71138    0.00165                                mtd7
     410   0.079   -56.71138    0.00165                                mtd13
     411   0.079   -56.71138    0.00165                                mtd5
     412   0.079   -56.71138    0.00165                                mtd10
     413   0.079   -56.71138    0.00165                                mtd8
     414   0.079   -56.71138    0.00165                                mtd6
     415   0.079   -56.71138    0.00165                                mtd3
     416   0.079   -56.71138    0.00165                                md1
     417   0.079   -56.71138    0.00165                                mtd12
     418   0.079   -56.71138    0.00165                                mtd7
     419   0.079   -56.71138    0.00165                                mtd7
     420   0.080   -56.71138    0.00165                                mtd5
     421   0.080   -56.71138    0.00165                                md8
     422   0.080   -56.71138    0.00165                                mtd11
     423   0.074   -56.71138    0.00166                                mtd9
     424   0.080   -56.71138    0.00165                                mtd3
     425   0.080   -56.71138    0.00165                                mtd9
     426   0.080   -56.71138    0.00165                                mtd13
     427   0.080   -56.71138    0.00165                                md5
     428   0.080   -56.71137    0.00165                                md5
     429   0.080   -56.71137    0.00165                                mtd10
     430   0.080   -56.71137    0.00165                                mtd3
     431   0.080   -56.71137    0.00165                                mtd9
     432   0.080   -56.71137    0.00165                                mtd10
     433   0.081   -56.71137    0.00164                                mtd10
     434   0.081   -56.71137    0.00164                                mtd7
     435   0.081   -56.71137    0.00164                                mtd7
     436   0.081   -56.71137    0.00164                                mtd5
     437   0.081   -56.71137    0.00164                                mtd3
     438   0.081   -56.71137    0.00164                                mtd1
     439   0.081   -56.71137    0.00164                                mtd5
     440   0.081   -56.71137    0.00164                                mtd13
     441   0.081   -56.71137    0.00164                                mtd10
     442   0.081   -56.71137    0.00164                                mtd12
     443   0.082   -56.71137    0.00164                                mtd2
     444   0.082   -56.71137    0.00164                                md8
     445   0.082   -56.71137    0.00164                                mtd2
     446   0.082   -56.71137    0.00164                                mtd11
     447   0.082   -56.71137    0.00164                                mtd11
     448   0.082   -56.71137    0.00164                                mtd3
     449   0.082   -56.71137    0.00164                                mtd2
     450   0.082   -56.71137    0.00164                                mtd14
     451   0.083   -56.71137    0.00164                                mtd7
     452   0.083   -56.71137    0.00164                                mtd6
     453   0.083   -56.71137    0.00164                                mtd4
     454   0.083   -56.71137    0.00164                                md7
     455   0.083   -56.71137    0.00164                                mtd11
     456   0.083   -56.71137    0.00164                                mtd7
     457   0.084   -56.71137    0.00164                                mtd13
     458   0.084   -56.71137    0.00164                                mtd12
     459   0.084   -56.71137    0.00164                                mtd7
     460   0.085   -56.71137    0.00163                                md6
     461   0.085   -56.71137    0.00163                                mtd13
     462   0.085   -56.71137    0.00163                                mtd4
     463   0.085   -56.71137    0.00163                                mtd1
     464   0.085   -56.71137    0.00163                                mtd6
     465   0.085   -56.71137    0.00163                                mtd7
     466   0.086   -56.71137    0.00163                                md2
     467   0.086   -56.71137    0.00163                                mtd9
     468   0.086   -56.71137    0.00163                                mtd4
     469   0.074   -56.71138    0.00166                                mtd6
     470   0.086   -56.71136    0.00163                                mtd9
     471   0.087   -56.71136    0.00163                                mtd12
     472   0.087   -56.71136    0.00163                                mtd8
     473   0.088   -56.71136    0.00162                                mtd12
     474   0.088   -56.71136    0.00162                                mtd6
     475   0.088   -56.71136    0.00162                                mtd1
     476   0.088   -56.71136    0.00162                                mtd1
     477   0.088   -56.71136    0.00162                                mtd12
     478   0.088   -56.71136    0.00162                                mtd10
     479   0.089   -56.71136    0.00162                                mtd2
     480   0.090   -56.71136    0.00162                                mtd6
     481   0.090   -56.71136    0.00162                                mtd5
     482   0.090   -56.71136    0.00162                                mtd1
     483   0.092   -56.71135    0.00161                                mtd13
     484   0.093   -56.71135    0.00161                                mtd11
     485   0.093   -56.71135    0.00161                                mtd4
     486   0.095   -56.71135    0.00161                                mtd1
     487   0.096   -56.71135    0.00160                                md7
     488   0.096   -56.71135    0.00160                                mtd11
     489   0.096   -56.71135    0.00160                                mtd3
     490   0.097   -56.71135    0.00160                                mtd13
     491   0.097   -56.71135    0.00160                                mtd8
     492   0.097   -56.71135    0.00160                                mtd6
     493   0.097   -56.71135    0.00160                                mtd2
     494   0.098   -56.71135    0.00160                                mtd12
     495   0.098   -56.71135    0.00160                                mtd7
     496   0.099   -56.71134    0.00159                                mtd10
     497   0.099   -56.71134    0.00159                                mtd7
     498   0.100   -56.71134    0.00159                                mtd7
     499   0.075   -56.71138    0.00166                                mtd6
     500   0.102   -56.71134    0.00159                                mtd5
     501   0.102   -56.71134    0.00158                                md1
     502   0.104   -56.71134    0.00158                                mtd5
     503   0.104   -56.71134    0.00158                                mtd14
     504   0.105   -56.71133    0.00158                                md5
     505   0.105   -56.71133    0.00158                                mtd9
     506   0.120   -56.71131    0.00154                                mtd7
     507   0.107   -56.71133    0.00157                                md2
     508   0.120   -56.71131    0.00154                                md3
     509   0.109   -56.71133    0.00157                                md4
     510   0.109   -56.71133    0.00157                                mtd14
     511   0.111   -56.71133    0.00156                                mtd1
     512   0.112   -56.71132    0.00156                                mtd5
     513   0.112   -56.71132    0.00156                                mtd4
     514   0.113   -56.71132    0.00156                                mtd8
     515   0.114   -56.71132    0.00156                                mtd2
     516   0.121   -56.71131    0.00154                                mtd4
     517   0.114   -56.71132    0.00155                                mtd3
     518   0.121   -56.71131    0.00154                                mtd4
     519   0.114   -56.71132    0.00155                                mtd11
     520   0.121   -56.71131    0.00154                                md2
     521   0.115   -56.71132    0.00155    0.07760       4      51     md4
     522   0.115   -56.71132    0.00155                                mtd9
     523   0.115   -56.71132    0.00155                                mtd7
     524   0.122   -56.71131    0.00153                                mtd8
     525   0.122   -56.71131    0.00153                                mtd6
     526   0.115   -56.71132    0.00155                                mtd6
     527   0.117   -56.71132    0.00155                                mtd2
     528   0.123   -56.71131    0.00153                                mtd3
     529   0.124   -56.71130    0.00153                                mtd10
     530   0.125   -56.71130    0.00153                                mtd2
     531   0.125   -56.71130    0.00153                                mtd4
     532   0.125   -56.71130    0.00153                                mtd2
     533   0.126   -56.71130    0.00152                                mtd6
     534   0.126   -56.71130    0.00152                                mtd9
     535   0.127   -56.71130    0.00152                                mtd10
     536   0.127   -56.71130    0.00152                                mtd6
     537   0.127   -56.71130    0.00152                                mtd10
     538   0.127   -56.71130    0.00152                                mtd9
     539   0.127   -56.71130    0.00152                                mtd3
     540   0.127   -56.71130    0.00152                                mtd5
     541   0.127   -56.71130    0.00152                                mtd11
     542   0.127   -56.71130    0.00152                                mtd12
     543   0.128   -56.71130    0.00152                                mtd1
     544   0.128   -56.71130    0.00152                                mtd10
     545   0.128   -56.71130    0.00152                                mtd3
     546   0.128   -56.71130    0.00152                                md5
     547   0.128   -56.71130    0.00152                                mtd7
     548   0.128   -56.71130    0.00152                                mtd1
     549   0.128   -56.71130    0.00152                                mtd12
     550   0.128   -56.71130    0.00152                                mtd11
     551   0.128   -56.71130    0.00152                                mtd3
     552   0.128   -56.71130    0.00152                                mtd1
     553   0.128   -56.71130    0.00152                                mtd11
     554   0.128   -56.71130    0.00152                                mtd9
     555   0.128   -56.71130    0.00152                                md5
     556   0.128   -56.71130    0.00152                                mtd13
     557   0.129   -56.71130    0.00152                                md8
     558   0.129   -56.71130    0.00152                                mtd11
     559   0.129   -56.71130    0.00152                                mtd10
     560   0.129   -56.71130    0.00152                                mtd5
     561   0.129   -56.71130    0.00152                                mtd6
     562   0.129   -56.71130    0.00152                                mtd8
     563   0.129   -56.71130    0.00151                                mtd3
     564   0.130   -56.71130    0.00151                                mtd12
     565   0.130   -56.71129    0.00151                                mtd14
     566   0.130   -56.71129    0.00151                                mtd14
     567   0.131   -56.71129    0.00151                                md8
     568   0.132   -56.71129    0.00151                                mtd2
     569   0.132   -56.71129    0.00151                                mtd9
     570   0.132   -56.71129    0.00151                                md4
     571   0.135   -56.71129    0.00150                                mtd1
     572   0.541   -56.71064    0.00076    0.00076       5       1     mtd5
     573   0.639   -56.71048    0.00064    0.00064       6       1     mtd11
T /K                                  :   298.15
E lowest                              :   -56.71150
ensemble average energy (kcal)        :    0.043
ensemble entropy (J/mol K, cal/mol K) :   52.774   12.613
ensemble free energy (kcal/mol)       :   -3.761
population of lowest in %             :   56.402
 number of unique conformers for further calc            6
 list of relative energies saved as "crest.energies"
 
 -----------------
 Wall Time Summary
 -----------------
             test MD wall time :         0h : 0m : 4s
                 MTD wall time :         0h : 5m :14s
      multilevel OPT wall time :         0h :14m :33s
                  MD wall time :         0h : 3m :21s
                  GC wall time :         0h : 0m : 9s
--------------------
Overall wall time  : 0h :24m :45s
 
 CREST terminated normally.
DeprecationWarning: 'source deactivate' is deprecated. Use 'conda deactivate'.
===================================================================================
SLURM job 10917691 ended:     Thu Feb 15 15:48:42 GMT 2024 (Unix Epoch time: 1708012122)
This is an estimated end time using the 'date' command from node node021.hpc.strath.ac.uk
For accurate timings, use 'sacct -j 10917691 -X --format=Submit,Start,End,Elapsed'
======================================================================================
